0 info it worked if it ends with ok
1 verbose cli [ '/usr/bin/node',
1 verbose cli   '/usr/share/npm/bin/npm-cli.js',
1 verbose cli   'install',
1 verbose cli   '@/util',
1 verbose cli   '--save-dev' ]
2 info using npm@3.5.2
3 info using node@v8.10.0
4 silly loadCurrentTree Starting
5 silly install loadCurrentTree
6 silly install readLocalPackageData
7 silly fetchPackageMetaData @/util
8 silly fetchOtherPackageData @/util
9 silly cache add args [ '@/util', null ]
10 verbose cache add spec @/util
11 silly cache add parsed spec Result {
11 silly cache add   raw: '@/util',
11 silly cache add   scope: null,
11 silly cache add   name: null,
11 silly cache add   rawSpec: '@/util',
11 silly cache add   spec: '/home/nick/Документы/front/@/util',
11 silly cache add   type: 'local' }
12 error addLocal Could not install /home/nick/Документы/front/@/util
13 silly fetchPackageMetaData Error: ENOENT: no such file or directory, open '/home/nick/Документы/front/@/util'
13 silly fetchPackageMetaData  error for @/util { Error: ENOENT: no such file or directory, open '/home/nick/Документы/front/@/util'
13 silly fetchPackageMetaData   errno: -2,
13 silly fetchPackageMetaData   code: 'ENOENT',
13 silly fetchPackageMetaData   syscall: 'open',
13 silly fetchPackageMetaData   path: '/home/nick/Документы/front/@/util' }
14 silly rollbackFailedOptional Starting
15 silly rollbackFailedOptional Finishing
16 silly runTopLevelLifecycles Starting
17 silly runTopLevelLifecycles Finishing
18 silly install printInstalled
19 verbose stack Error: ENOENT: no such file or directory, open '/home/nick/Документы/front/@/util'
20 verbose cwd /home/nick/Документы/front
21 error Linux 4.15.0-45-generic
22 error argv "/usr/bin/node" "/usr/share/npm/bin/npm-cli.js" "install" "@/util" "--save-dev"
23 error node v8.10.0
24 error npm  v3.5.2
25 error path /home/nick/Документы/front/@/util
26 error code ENOENT
27 error errno -2
28 error syscall open
29 error enoent ENOENT: no such file or directory, open '/home/nick/Документы/front/@/util'
30 error enoent ENOENT: no such file or directory, open '/home/nick/Документы/front/@/util'
30 error enoent This is most likely not a problem with npm itself
30 error enoent and is related to npm not being able to find a file.
31 verbose exit [ -2, true ]
